<?xml version="1.0" encoding="UTF-8"?>
<!-- Generated by org.testng.reporters.JUnitXMLReporter -->
<testsuite ignored="0" hostname="DESKTOP-PN8R175" failures="1" tests="3" name="FF Test" time="72.022" errors="0" timestamp="2023-11-15T15:19:43 EST">
  <testcase classname="TestCasePackage.SeleniumTestNgTestCase" name="MainPageTestCase" time="5.286">
    <failure type="java.lang.AssertionError" message="The following asserts failed:
	Assertion Fails expected [true] but found [false]">
      <![CDATA[java.lang.AssertionError: The following asserts failed:
Assertion Fails expected [true] but found [false]
at ModulePackage.MainPage.ValidatePageTitle(MainPage.java:32)
at TestCasePackage.SeleniumTestNgTestCase.MainPageTestCase(SeleniumTestNgTestCase.java:22)
at java.base/java.util.concurrent.ThreadPoolExecutor.runWorker(ThreadPoolExecutor.java:1136)
at java.base/java.util.concurrent.ThreadPoolExecutor$Worker.run(ThreadPoolExecutor.java:635)
at java.base/java.lang.Thread.run(Thread.java:833)
... Removed 14 stack frames]]>
    </failure>
  </testcase> <!-- MainPageTestCase -->
  <testcase classname="TestCasePackage.SeleniumTestNgTestCase" name="CheckBoxPageTestCase" time="5.15"/>
  <testcase classname="TestCasePackage.SeleniumTestNgTestCase" name="JavaScriptAlertTestCase" time="8.693"/>
</testsuite> <!-- FF Test -->
