<!DOCTYPE html PUBLIC "-//W3C//DTD XHTML 1.1//EN" "https://www.w3.org/TR/xhtml11/DTD/xhtml11.dtd">
<html xmlns="https://www.w3.org/1999/xhtml">
<head>
<meta http-equiv="content-type" content="text/html; charset=UTF-8"/>
<title>TestNG Report</title>
<style type="text/css">table {margin-bottom:10px;border-collapse:collapse;empty-cells:show}th,td {border:1px solid #009;padding:.25em .5em}th {vertical-align:bottom}td {vertical-align:top}table a {font-weight:bold}.stripe td {background-color: #E6EBF9}.num {text-align:right}.passedodd td {background-color: #3F3}.passedeven td {background-color: #0A0}.skippedodd td {background-color: #DDD}.skippedeven td {background-color: #CCC}.failedodd td,.attn {background-color: #F33}.failedeven td,.stripe .attn {background-color: #D00}.stacktrace {white-space:pre;font-family:monospace}.totop {font-size:85%;text-align:center;border-bottom:2px solid #000}.invisible {display:none}</style>
</head>
<body>
<table>
<tr><th>Test</th><th># Passed</th><th># Skipped</th><th># Retried</th><th># Failed</th><th>Time (ms)</th><th>Included Groups</th><th>Excluded Groups</th></tr>
<tr><th colspan="8">parallel Test Suite</th></tr>
<tr><td><a href="#t0">Chrome Test</a></td><td class="num">2</td><td class="num">0</td><td class="num">0</td><td class="num attn">1</td><td class="num">83,614</td><td></td><td></td></tr>
<tr class="stripe"><td><a href="#t1">Edge Test</a></td><td class="num">2</td><td class="num">0</td><td class="num">0</td><td class="num attn">1</td><td class="num">36,886</td><td></td><td></td></tr>
<tr><td><a href="#t2">FF Test</a></td><td class="num">2</td><td class="num">0</td><td class="num">0</td><td class="num attn">1</td><td class="num">72,022</td><td></td><td></td></tr>
<tr class="stripe"><td><a href="#t3">IE Test</a></td><td class="num">2</td><td class="num">0</td><td class="num">0</td><td class="num attn">1</td><td class="num">67,545</td><td></td><td></td></tr>
<tr><th>Total</th><th class="num">8</th><th class="num">0</th><th class="num">0</th><th class="num attn">4</th><th class="num">260,067</th><th colspan="2"></th></tr>
</table>
<table id='summary'><thead><tr><th>Class</th><th>Method</th><th>Start</th><th>Time (ms)</th></tr></thead><tbody><tr><th colspan="4">parallel Test Suite</th></tr></tbody><tbody id="t0"><tr><th colspan="4">Chrome Test &#8212; failed</th></tr><tr class="failedeven"><td rowspan="1">TestCasePackage.SeleniumTestNgTestCase</td><td><a href="#m0">MainPageTestCase</a></td><td rowspan="1">1700079421940</td><td rowspan="1">6301</td></tr><tr><th colspan="4">Chrome Test &#8212; passed</th></tr><tr class="passedeven"><td rowspan="2">TestCasePackage.SeleniumTestNgTestCase</td><td><a href="#m1">CheckBoxPageTestCase</a></td><td rowspan="1">1700079444498</td><td rowspan="1">7363</td></tr><tr class="passedeven"><td><a href="#m2">JavaScriptAlertTestCase</a></td><td rowspan="1">1700079467877</td><td rowspan="1">6542</td></tr></tbody>
<tbody id="t1"><tr><th colspan="4">Edge Test &#8212; failed</th></tr><tr class="failedeven"><td rowspan="1">TestCasePackage.SeleniumTestNgTestCase</td><td><a href="#m3">MainPageTestCase</a></td><td rowspan="1">1700079480630</td><td rowspan="1">5313</td></tr><tr><th colspan="4">Edge Test &#8212; passed</th></tr><tr class="passedeven"><td rowspan="2">TestCasePackage.SeleniumTestNgTestCase</td><td><a href="#m4">CheckBoxPageTestCase</a></td><td rowspan="1">1700079494508</td><td rowspan="1">4060</td></tr><tr class="passedeven"><td><a href="#m5">JavaScriptAlertTestCase</a></td><td rowspan="1">1700079507293</td><td rowspan="1">3951</td></tr></tbody>
<tbody id="t2"><tr><th colspan="4">FF Test &#8212; failed</th></tr><tr class="failedeven"><td rowspan="1">TestCasePackage.SeleniumTestNgTestCase</td><td><a href="#m6">MainPageTestCase</a></td><td rowspan="1">1700079523297</td><td rowspan="1">5286</td></tr><tr><th colspan="4">FF Test &#8212; passed</th></tr><tr class="passedeven"><td rowspan="2">TestCasePackage.SeleniumTestNgTestCase</td><td><a href="#m7">CheckBoxPageTestCase</a></td><td rowspan="1">1700079551949</td><td rowspan="1">5150</td></tr><tr class="passedeven"><td><a href="#m8">JavaScriptAlertTestCase</a></td><td rowspan="1">1700079573962</td><td rowspan="1">8693</td></tr></tbody>
<tbody id="t3"><tr><th colspan="4">IE Test &#8212; failed</th></tr><tr class="failedeven"><td rowspan="1">TestCasePackage.SeleniumTestNgTestCase</td><td><a href="#m9">MainPageTestCase</a></td><td rowspan="1">1700079597572</td><td rowspan="1">5907</td></tr><tr><th colspan="4">IE Test &#8212; passed</th></tr><tr class="passedeven"><td rowspan="2">TestCasePackage.SeleniumTestNgTestCase</td><td><a href="#m10">CheckBoxPageTestCase</a></td><td rowspan="1">1700079619182</td><td rowspan="1">6880</td></tr><tr class="passedeven"><td><a href="#m11">JavaScriptAlertTestCase</a></td><td rowspan="1">1700079637233</td><td rowspan="1">13740</td></tr></tbody>
</table>
<h2>Chrome Test</h2><h3 id="m0">TestCasePackage.SeleniumTestNgTestCase#MainPageTestCase</h3><table class="result"><tr><th>Exception</th></tr><tr><td><div class="stacktrace">java.lang.AssertionError: The following asserts failed:
	Assertion Fails expected [true] but found [false]
	at ModulePackage.MainPage.ValidatePageTitle(MainPage.java:32)
	at TestCasePackage.SeleniumTestNgTestCase.MainPageTestCase(SeleniumTestNgTestCase.java:22)
	at java.base/java.util.concurrent.ThreadPoolExecutor.runWorker(ThreadPoolExecutor.java:1136)
	at java.base/java.util.concurrent.ThreadPoolExecutor$Worker.run(ThreadPoolExecutor.java:635)
	at java.base/java.lang.Thread.run(Thread.java:833)
... Removed 14 stack frames</div></td></tr></table><p class="totop"><a href="#summary">back to summary</a></p>
<h3 id="m1">TestCasePackage.SeleniumTestNgTestCase#CheckBoxPageTestCase</h3><table class="result"><tr><th class="invisible"/></tr></table><p class="totop"><a href="#summary">back to summary</a></p>
<h3 id="m2">TestCasePackage.SeleniumTestNgTestCase#JavaScriptAlertTestCase</h3><table class="result"><tr><th class="invisible"/></tr></table><p class="totop"><a href="#summary">back to summary</a></p>
<h2>Edge Test</h2><h3 id="m3">TestCasePackage.SeleniumTestNgTestCase#MainPageTestCase</h3><table class="result"><tr><th>Exception</th></tr><tr><td><div class="stacktrace">java.lang.AssertionError: The following asserts failed:
	Assertion Fails expected [true] but found [false]
	at ModulePackage.MainPage.ValidatePageTitle(MainPage.java:32)
	at TestCasePackage.SeleniumTestNgTestCase.MainPageTestCase(SeleniumTestNgTestCase.java:22)
	at java.base/java.util.concurrent.ThreadPoolExecutor.runWorker(ThreadPoolExecutor.java:1136)
	at java.base/java.util.concurrent.ThreadPoolExecutor$Worker.run(ThreadPoolExecutor.java:635)
	at java.base/java.lang.Thread.run(Thread.java:833)
... Removed 14 stack frames</div></td></tr></table><p class="totop"><a href="#summary">back to summary</a></p>
<h3 id="m4">TestCasePackage.SeleniumTestNgTestCase#CheckBoxPageTestCase</h3><table class="result"><tr><th class="invisible"/></tr></table><p class="totop"><a href="#summary">back to summary</a></p>
<h3 id="m5">TestCasePackage.SeleniumTestNgTestCase#JavaScriptAlertTestCase</h3><table class="result"><tr><th class="invisible"/></tr></table><p class="totop"><a href="#summary">back to summary</a></p>
<h2>FF Test</h2><h3 id="m6">TestCasePackage.SeleniumTestNgTestCase#MainPageTestCase</h3><table class="result"><tr><th>Exception</th></tr><tr><td><div class="stacktrace">java.lang.AssertionError: The following asserts failed:
	Assertion Fails expected [true] but found [false]
	at ModulePackage.MainPage.ValidatePageTitle(MainPage.java:32)
	at TestCasePackage.SeleniumTestNgTestCase.MainPageTestCase(SeleniumTestNgTestCase.java:22)
	at java.base/java.util.concurrent.ThreadPoolExecutor.runWorker(ThreadPoolExecutor.java:1136)
	at java.base/java.util.concurrent.ThreadPoolExecutor$Worker.run(ThreadPoolExecutor.java:635)
	at java.base/java.lang.Thread.run(Thread.java:833)
... Removed 14 stack frames</div></td></tr></table><p class="totop"><a href="#summary">back to summary</a></p>
<h3 id="m7">TestCasePackage.SeleniumTestNgTestCase#CheckBoxPageTestCase</h3><table class="result"><tr><th class="invisible"/></tr></table><p class="totop"><a href="#summary">back to summary</a></p>
<h3 id="m8">TestCasePackage.SeleniumTestNgTestCase#JavaScriptAlertTestCase</h3><table class="result"><tr><th class="invisible"/></tr></table><p class="totop"><a href="#summary">back to summary</a></p>
<h2>IE Test</h2><h3 id="m9">TestCasePackage.SeleniumTestNgTestCase#MainPageTestCase</h3><table class="result"><tr><th>Exception</th></tr><tr><td><div class="stacktrace">java.lang.AssertionError: The following asserts failed:
	Assertion Fails expected [true] but found [false]
	at ModulePackage.MainPage.ValidatePageTitle(MainPage.java:32)
	at TestCasePackage.SeleniumTestNgTestCase.MainPageTestCase(SeleniumTestNgTestCase.java:22)
	at java.base/java.util.concurrent.ThreadPoolExecutor.runWorker(ThreadPoolExecutor.java:1136)
	at java.base/java.util.concurrent.ThreadPoolExecutor$Worker.run(ThreadPoolExecutor.java:635)
	at java.base/java.lang.Thread.run(Thread.java:833)
... Removed 14 stack frames</div></td></tr></table><p class="totop"><a href="#summary">back to summary</a></p>
<h3 id="m10">TestCasePackage.SeleniumTestNgTestCase#CheckBoxPageTestCase</h3><table class="result"><tr><th class="invisible"/></tr></table><p class="totop"><a href="#summary">back to summary</a></p>
<h3 id="m11">TestCasePackage.SeleniumTestNgTestCase#JavaScriptAlertTestCase</h3><table class="result"><tr><th class="invisible"/></tr></table><p class="totop"><a href="#summary">back to summary</a></p>
</body>
</html>
