<?xml version="1.0" encoding="UTF-8"?>
<testng-results ignored="0" total="12" passed="8" failed="4" skipped="0">
  <reporter-output>
  </reporter-output>
  <suite started-at="2023-11-15T15:16:30 EST" name="parallel Test Suite" finished-at="2023-11-15T15:20:51 EST" duration-ms="260112">
    <groups>
    </groups>
    <test started-at="2023-11-15T15:16:30 EST" name="Chrome Test" finished-at="2023-11-15T15:17:54 EST" duration-ms="83614">
      <class name="TestCasePackage.SeleniumTestNgTestCase">
        <test-method is-config="true" signature="BrowserSetUP(java.lang.String,java.lang.String,java.lang.String)[pri:0, instance:TestCasePackage.SeleniumTestNgTestCase@22fcf7ab]" started-at="2023-11-15T15:16:31 EST" name="BrowserSetUP" finished-at="2023-11-15T15:17:01 EST" duration-ms="30934" status="PASS">
          <params>
            <param index="0">
              <value>
                <![CDATA[chrome]]>
              </value>
            </param>
            <param index="1">
              <value>
                <![CDATA[88.0]]>
              </value>
            </param>
            <param index="2">
              <value>
                <![CDATA[Windows 10]]>
              </value>
            </param>
          </params>
          <reporter-output>
          </reporter-output>
        </test-method> <!-- BrowserSetUP -->
        <test-method signature="MainPageTestCase()[pri:0, instance:TestCasePackage.SeleniumTestNgTestCase@22fcf7ab]" started-at="2023-11-15T15:17:01 EST" name="MainPageTestCase" finished-at="2023-11-15T15:17:08 EST" duration-ms="6301" status="FAIL">
          <exception class="java.lang.AssertionError">
            <message>
              <![CDATA[The following asserts failed:
Assertion Fails expected [true] but found [false]]]>
            </message>
            <full-stacktrace>
              <![CDATA[java.lang.AssertionError: The following asserts failed:
Assertion Fails expected [true] but found [false]
at org.testng.asserts.SoftAssert.assertAll(SoftAssert.java:47)
at org.testng.asserts.SoftAssert.assertAll(SoftAssert.java:31)
at ModulePackage.MainPage.ValidatePageTitle(MainPage.java:32)
at TestCasePackage.SeleniumTestNgTestCase.MainPageTestCase(SeleniumTestNgTestCase.java:22)
at java.base/jdk.internal.reflect.NativeMethodAccessorImpl.invoke0(Native Method)
at java.base/jdk.internal.reflect.NativeMethodAccessorImpl.invoke(NativeMethodAccessorImpl.java:77)
at java.base/jdk.internal.reflect.DelegatingMethodAccessorImpl.invoke(DelegatingMethodAccessorImpl.java:43)
at java.base/java.lang.reflect.Method.invoke(Method.java:568)
at org.testng.internal.MethodInvocationHelper.invokeMethod(MethodInvocationHelper.java:133)
at org.testng.internal.TestInvoker.invokeMethod(TestInvoker.java:598)
at org.testng.internal.TestInvoker.invokeTestMethod(TestInvoker.java:173)
at org.testng.internal.MethodRunner.runInSequence(MethodRunner.java:46)
at org.testng.internal.TestInvoker$MethodInvocationAgent.invoke(TestInvoker.java:824)
at org.testng.internal.TestInvoker.invokeTestMethods(TestInvoker.java:146)
at org.testng.internal.TestMethodWorker.invokeTestMethods(TestMethodWorker.java:146)
at org.testng.internal.TestMethodWorker.run(TestMethodWorker.java:128)
at java.base/java.util.concurrent.ThreadPoolExecutor.runWorker(ThreadPoolExecutor.java:1136)
at java.base/java.util.concurrent.ThreadPoolExecutor$Worker.run(ThreadPoolExecutor.java:635)
at java.base/java.lang.Thread.run(Thread.java:833)
]]>
            </full-stacktrace>
          </exception> <!-- java.lang.AssertionError -->
          <reporter-output>
          </reporter-output>
        </test-method> <!-- MainPageTestCase -->
        <test-method is-config="true" signature="BrowserCloseing()[pri:0, instance:TestCasePackage.SeleniumTestNgTestCase@22fcf7ab]" started-at="2023-11-15T15:17:08 EST" name="BrowserCloseing" finished-at="2023-11-15T15:17:08 EST" duration-ms="157" status="PASS">
          <reporter-output>
          </reporter-output>
        </test-method> <!-- BrowserCloseing -->
        <test-method is-config="true" signature="BrowserSetUP(java.lang.String,java.lang.String,java.lang.String)[pri:0, instance:TestCasePackage.SeleniumTestNgTestCase@22fcf7ab]" started-at="2023-11-15T15:17:08 EST" name="BrowserSetUP" finished-at="2023-11-15T15:17:24 EST" duration-ms="16095" status="PASS">
          <params>
            <param index="0">
              <value>
                <![CDATA[chrome]]>
              </value>
            </param>
            <param index="1">
              <value>
                <![CDATA[88.0]]>
              </value>
            </param>
            <param index="2">
              <value>
                <![CDATA[Windows 10]]>
              </value>
            </param>
          </params>
          <reporter-output>
          </reporter-output>
        </test-method> <!-- BrowserSetUP -->
        <test-method signature="CheckBoxPageTestCase()[pri:1, instance:TestCasePackage.SeleniumTestNgTestCase@22fcf7ab]" started-at="2023-11-15T15:17:24 EST" name="CheckBoxPageTestCase" finished-at="2023-11-15T15:17:31 EST" duration-ms="7363" status="PASS">
          <reporter-output>
          </reporter-output>
        </test-method> <!-- CheckBoxPageTestCase -->
        <test-method is-config="true" signature="BrowserCloseing()[pri:0, instance:TestCasePackage.SeleniumTestNgTestCase@22fcf7ab]" started-at="2023-11-15T15:17:31 EST" name="BrowserCloseing" finished-at="2023-11-15T15:17:32 EST" duration-ms="175" status="PASS">
          <reporter-output>
          </reporter-output>
        </test-method> <!-- BrowserCloseing -->
        <test-method is-config="true" signature="BrowserSetUP(java.lang.String,java.lang.String,java.lang.String)[pri:0, instance:TestCasePackage.SeleniumTestNgTestCase@22fcf7ab]" started-at="2023-11-15T15:17:32 EST" name="BrowserSetUP" finished-at="2023-11-15T15:17:47 EST" duration-ms="15838" status="PASS">
          <params>
            <param index="0">
              <value>
                <![CDATA[chrome]]>
              </value>
            </param>
            <param index="1">
              <value>
                <![CDATA[88.0]]>
              </value>
            </param>
            <param index="2">
              <value>
                <![CDATA[Windows 10]]>
              </value>
            </param>
          </params>
          <reporter-output>
          </reporter-output>
        </test-method> <!-- BrowserSetUP -->
        <test-method signature="JavaScriptAlertTestCase()[pri:2, instance:TestCasePackage.SeleniumTestNgTestCase@22fcf7ab]" started-at="2023-11-15T15:17:47 EST" name="JavaScriptAlertTestCase" finished-at="2023-11-15T15:17:54 EST" duration-ms="6542" status="PASS">
          <reporter-output>
          </reporter-output>
        </test-method> <!-- JavaScriptAlertTestCase -->
        <test-method is-config="true" signature="BrowserCloseing()[pri:0, instance:TestCasePackage.SeleniumTestNgTestCase@22fcf7ab]" started-at="2023-11-15T15:17:54 EST" name="BrowserCloseing" finished-at="2023-11-15T15:17:54 EST" duration-ms="171" status="PASS">
          <reporter-output>
          </reporter-output>
        </test-method> <!-- BrowserCloseing -->
      </class> <!-- TestCasePackage.SeleniumTestNgTestCase -->
    </test> <!-- Chrome Test -->
    <test started-at="2023-11-15T15:17:54 EST" name="Edge Test" finished-at="2023-11-15T15:18:31 EST" duration-ms="36886">
      <class name="TestCasePackage.SeleniumTestNgTestCase">
        <test-method is-config="true" signature="BrowserSetUP(java.lang.String,java.lang.String,java.lang.String)[pri:0, instance:TestCasePackage.SeleniumTestNgTestCase@157853da]" started-at="2023-11-15T15:17:54 EST" name="BrowserSetUP" finished-at="2023-11-15T15:18:00 EST" duration-ms="6009" status="PASS">
          <params>
            <param index="0">
              <value>
                <![CDATA[Edge]]>
              </value>
            </param>
            <param index="1">
              <value>
                <![CDATA[87.0]]>
              </value>
            </param>
            <param index="2">
              <value>
                <![CDATA[macOS Sierra]]>
              </value>
            </param>
          </params>
          <reporter-output>
          </reporter-output>
        </test-method> <!-- BrowserSetUP -->
        <test-method signature="MainPageTestCase()[pri:0, instance:TestCasePackage.SeleniumTestNgTestCase@157853da]" started-at="2023-11-15T15:18:00 EST" name="MainPageTestCase" finished-at="2023-11-15T15:18:05 EST" duration-ms="5313" status="FAIL">
          <exception class="java.lang.AssertionError">
            <message>
              <![CDATA[The following asserts failed:
Assertion Fails expected [true] but found [false]]]>
            </message>
            <full-stacktrace>
              <![CDATA[java.lang.AssertionError: The following asserts failed:
Assertion Fails expected [true] but found [false]
at org.testng.asserts.SoftAssert.assertAll(SoftAssert.java:47)
at org.testng.asserts.SoftAssert.assertAll(SoftAssert.java:31)
at ModulePackage.MainPage.ValidatePageTitle(MainPage.java:32)
at TestCasePackage.SeleniumTestNgTestCase.MainPageTestCase(SeleniumTestNgTestCase.java:22)
at java.base/jdk.internal.reflect.NativeMethodAccessorImpl.invoke0(Native Method)
at java.base/jdk.internal.reflect.NativeMethodAccessorImpl.invoke(NativeMethodAccessorImpl.java:77)
at java.base/jdk.internal.reflect.DelegatingMethodAccessorImpl.invoke(DelegatingMethodAccessorImpl.java:43)
at java.base/java.lang.reflect.Method.invoke(Method.java:568)
at org.testng.internal.MethodInvocationHelper.invokeMethod(MethodInvocationHelper.java:133)
at org.testng.internal.TestInvoker.invokeMethod(TestInvoker.java:598)
at org.testng.internal.TestInvoker.invokeTestMethod(TestInvoker.java:173)
at org.testng.internal.MethodRunner.runInSequence(MethodRunner.java:46)
at org.testng.internal.TestInvoker$MethodInvocationAgent.invoke(TestInvoker.java:824)
at org.testng.internal.TestInvoker.invokeTestMethods(TestInvoker.java:146)
at org.testng.internal.TestMethodWorker.invokeTestMethods(TestMethodWorker.java:146)
at org.testng.internal.TestMethodWorker.run(TestMethodWorker.java:128)
at java.base/java.util.concurrent.ThreadPoolExecutor.runWorker(ThreadPoolExecutor.java:1136)
at java.base/java.util.concurrent.ThreadPoolExecutor$Worker.run(ThreadPoolExecutor.java:635)
at java.base/java.lang.Thread.run(Thread.java:833)
]]>
            </full-stacktrace>
          </exception> <!-- java.lang.AssertionError -->
          <reporter-output>
          </reporter-output>
        </test-method> <!-- MainPageTestCase -->
        <test-method is-config="true" signature="BrowserCloseing()[pri:0, instance:TestCasePackage.SeleniumTestNgTestCase@157853da]" started-at="2023-11-15T15:18:05 EST" name="BrowserCloseing" finished-at="2023-11-15T15:18:06 EST" duration-ms="332" status="PASS">
          <reporter-output>
          </reporter-output>
        </test-method> <!-- BrowserCloseing -->
        <test-method is-config="true" signature="BrowserSetUP(java.lang.String,java.lang.String,java.lang.String)[pri:0, instance:TestCasePackage.SeleniumTestNgTestCase@157853da]" started-at="2023-11-15T15:18:06 EST" name="BrowserSetUP" finished-at="2023-11-15T15:18:14 EST" duration-ms="8230" status="PASS">
          <params>
            <param index="0">
              <value>
                <![CDATA[Edge]]>
              </value>
            </param>
            <param index="1">
              <value>
                <![CDATA[87.0]]>
              </value>
            </param>
            <param index="2">
              <value>
                <![CDATA[macOS Sierra]]>
              </value>
            </param>
          </params>
          <reporter-output>
          </reporter-output>
        </test-method> <!-- BrowserSetUP -->
        <test-method signature="CheckBoxPageTestCase()[pri:1, instance:TestCasePackage.SeleniumTestNgTestCase@157853da]" started-at="2023-11-15T15:18:14 EST" name="CheckBoxPageTestCase" finished-at="2023-11-15T15:18:18 EST" duration-ms="4060" status="PASS">
          <reporter-output>
          </reporter-output>
        </test-method> <!-- CheckBoxPageTestCase -->
        <test-method is-config="true" signature="BrowserCloseing()[pri:0, instance:TestCasePackage.SeleniumTestNgTestCase@157853da]" started-at="2023-11-15T15:18:18 EST" name="BrowserCloseing" finished-at="2023-11-15T15:18:18 EST" duration-ms="216" status="PASS">
          <reporter-output>
          </reporter-output>
        </test-method> <!-- BrowserCloseing -->
        <test-method is-config="true" signature="BrowserSetUP(java.lang.String,java.lang.String,java.lang.String)[pri:0, instance:TestCasePackage.SeleniumTestNgTestCase@157853da]" started-at="2023-11-15T15:18:18 EST" name="BrowserSetUP" finished-at="2023-11-15T15:18:27 EST" duration-ms="8507" status="PASS">
          <params>
            <param index="0">
              <value>
                <![CDATA[Edge]]>
              </value>
            </param>
            <param index="1">
              <value>
                <![CDATA[87.0]]>
              </value>
            </param>
            <param index="2">
              <value>
                <![CDATA[macOS Sierra]]>
              </value>
            </param>
          </params>
          <reporter-output>
          </reporter-output>
        </test-method> <!-- BrowserSetUP -->
        <test-method signature="JavaScriptAlertTestCase()[pri:2, instance:TestCasePackage.SeleniumTestNgTestCase@157853da]" started-at="2023-11-15T15:18:27 EST" name="JavaScriptAlertTestCase" finished-at="2023-11-15T15:18:31 EST" duration-ms="3951" status="PASS">
          <reporter-output>
          </reporter-output>
        </test-method> <!-- JavaScriptAlertTestCase -->
        <test-method is-config="true" signature="BrowserCloseing()[pri:0, instance:TestCasePackage.SeleniumTestNgTestCase@157853da]" started-at="2023-11-15T15:18:31 EST" name="BrowserCloseing" finished-at="2023-11-15T15:18:31 EST" duration-ms="258" status="PASS">
          <reporter-output>
          </reporter-output>
        </test-method> <!-- BrowserCloseing -->
      </class> <!-- TestCasePackage.SeleniumTestNgTestCase -->
    </test> <!-- Edge Test -->
    <test started-at="2023-11-15T15:18:31 EST" name="FF Test" finished-at="2023-11-15T15:19:43 EST" duration-ms="72022">
      <class name="TestCasePackage.SeleniumTestNgTestCase">
        <test-method is-config="true" signature="BrowserSetUP(java.lang.String,java.lang.String,java.lang.String)[pri:0, instance:TestCasePackage.SeleniumTestNgTestCase@69fb6037]" started-at="2023-11-15T15:18:31 EST" name="BrowserSetUP" finished-at="2023-11-15T15:18:43 EST" duration-ms="11780" status="PASS">
          <params>
            <param index="0">
              <value>
                <![CDATA[Firefox]]>
              </value>
            </param>
            <param index="1">
              <value>
                <![CDATA[82.0]]>
              </value>
            </param>
            <param index="2">
              <value>
                <![CDATA[Windows 7]]>
              </value>
            </param>
          </params>
          <reporter-output>
          </reporter-output>
        </test-method> <!-- BrowserSetUP -->
        <test-method signature="MainPageTestCase()[pri:0, instance:TestCasePackage.SeleniumTestNgTestCase@69fb6037]" started-at="2023-11-15T15:18:43 EST" name="MainPageTestCase" finished-at="2023-11-15T15:18:48 EST" duration-ms="5286" status="FAIL">
          <exception class="java.lang.AssertionError">
            <message>
              <![CDATA[The following asserts failed:
Assertion Fails expected [true] but found [false]]]>
            </message>
            <full-stacktrace>
              <![CDATA[java.lang.AssertionError: The following asserts failed:
Assertion Fails expected [true] but found [false]
at org.testng.asserts.SoftAssert.assertAll(SoftAssert.java:47)
at org.testng.asserts.SoftAssert.assertAll(SoftAssert.java:31)
at ModulePackage.MainPage.ValidatePageTitle(MainPage.java:32)
at TestCasePackage.SeleniumTestNgTestCase.MainPageTestCase(SeleniumTestNgTestCase.java:22)
at java.base/jdk.internal.reflect.NativeMethodAccessorImpl.invoke0(Native Method)
at java.base/jdk.internal.reflect.NativeMethodAccessorImpl.invoke(NativeMethodAccessorImpl.java:77)
at java.base/jdk.internal.reflect.DelegatingMethodAccessorImpl.invoke(DelegatingMethodAccessorImpl.java:43)
at java.base/java.lang.reflect.Method.invoke(Method.java:568)
at org.testng.internal.MethodInvocationHelper.invokeMethod(MethodInvocationHelper.java:133)
at org.testng.internal.TestInvoker.invokeMethod(TestInvoker.java:598)
at org.testng.internal.TestInvoker.invokeTestMethod(TestInvoker.java:173)
at org.testng.internal.MethodRunner.runInSequence(MethodRunner.java:46)
at org.testng.internal.TestInvoker$MethodInvocationAgent.invoke(TestInvoker.java:824)
at org.testng.internal.TestInvoker.invokeTestMethods(TestInvoker.java:146)
at org.testng.internal.TestMethodWorker.invokeTestMethods(TestMethodWorker.java:146)
at org.testng.internal.TestMethodWorker.run(TestMethodWorker.java:128)
at java.base/java.util.concurrent.ThreadPoolExecutor.runWorker(ThreadPoolExecutor.java:1136)
at java.base/java.util.concurrent.ThreadPoolExecutor$Worker.run(ThreadPoolExecutor.java:635)
at java.base/java.lang.Thread.run(Thread.java:833)
]]>
            </full-stacktrace>
          </exception> <!-- java.lang.AssertionError -->
          <reporter-output>
          </reporter-output>
        </test-method> <!-- MainPageTestCase -->
        <test-method is-config="true" signature="BrowserCloseing()[pri:0, instance:TestCasePackage.SeleniumTestNgTestCase@69fb6037]" started-at="2023-11-15T15:18:48 EST" name="BrowserCloseing" finished-at="2023-11-15T15:18:49 EST" duration-ms="660" status="PASS">
          <reporter-output>
          </reporter-output>
        </test-method> <!-- BrowserCloseing -->
        <test-method is-config="true" signature="BrowserSetUP(java.lang.String,java.lang.String,java.lang.String)[pri:0, instance:TestCasePackage.SeleniumTestNgTestCase@69fb6037]" started-at="2023-11-15T15:18:49 EST" name="BrowserSetUP" finished-at="2023-11-15T15:19:11 EST" duration-ms="22704" status="PASS">
          <params>
            <param index="0">
              <value>
                <![CDATA[Firefox]]>
              </value>
            </param>
            <param index="1">
              <value>
                <![CDATA[82.0]]>
              </value>
            </param>
            <param index="2">
              <value>
                <![CDATA[Windows 7]]>
              </value>
            </param>
          </params>
          <reporter-output>
          </reporter-output>
        </test-method> <!-- BrowserSetUP -->
        <test-method signature="CheckBoxPageTestCase()[pri:1, instance:TestCasePackage.SeleniumTestNgTestCase@69fb6037]" started-at="2023-11-15T15:19:11 EST" name="CheckBoxPageTestCase" finished-at="2023-11-15T15:19:17 EST" duration-ms="5150" status="PASS">
          <reporter-output>
          </reporter-output>
        </test-method> <!-- CheckBoxPageTestCase -->
        <test-method is-config="true" signature="BrowserCloseing()[pri:0, instance:TestCasePackage.SeleniumTestNgTestCase@69fb6037]" started-at="2023-11-15T15:19:17 EST" name="BrowserCloseing" finished-at="2023-11-15T15:19:17 EST" duration-ms="817" status="PASS">
          <reporter-output>
          </reporter-output>
        </test-method> <!-- BrowserCloseing -->
        <test-method is-config="true" signature="BrowserSetUP(java.lang.String,java.lang.String,java.lang.String)[pri:0, instance:TestCasePackage.SeleniumTestNgTestCase@69fb6037]" started-at="2023-11-15T15:19:17 EST" name="BrowserSetUP" finished-at="2023-11-15T15:19:33 EST" duration-ms="16045" status="PASS">
          <params>
            <param index="0">
              <value>
                <![CDATA[Firefox]]>
              </value>
            </param>
            <param index="1">
              <value>
                <![CDATA[82.0]]>
              </value>
            </param>
            <param index="2">
              <value>
                <![CDATA[Windows 7]]>
              </value>
            </param>
          </params>
          <reporter-output>
          </reporter-output>
        </test-method> <!-- BrowserSetUP -->
        <test-method signature="JavaScriptAlertTestCase()[pri:2, instance:TestCasePackage.SeleniumTestNgTestCase@69fb6037]" started-at="2023-11-15T15:19:33 EST" name="JavaScriptAlertTestCase" finished-at="2023-11-15T15:19:42 EST" duration-ms="8693" status="PASS">
          <reporter-output>
          </reporter-output>
        </test-method> <!-- JavaScriptAlertTestCase -->
        <test-method is-config="true" signature="BrowserCloseing()[pri:0, instance:TestCasePackage.SeleniumTestNgTestCase@69fb6037]" started-at="2023-11-15T15:19:42 EST" name="BrowserCloseing" finished-at="2023-11-15T15:19:43 EST" duration-ms="881" status="PASS">
          <reporter-output>
          </reporter-output>
        </test-method> <!-- BrowserCloseing -->
      </class> <!-- TestCasePackage.SeleniumTestNgTestCase -->
    </test> <!-- FF Test -->
    <test started-at="2023-11-15T15:19:43 EST" name="IE Test" finished-at="2023-11-15T15:20:51 EST" duration-ms="67545">
      <class name="TestCasePackage.SeleniumTestNgTestCase">
        <test-method is-config="true" signature="BrowserSetUP(java.lang.String,java.lang.String,java.lang.String)[pri:0, instance:TestCasePackage.SeleniumTestNgTestCase@3c947bc5]" started-at="2023-11-15T15:19:43 EST" name="BrowserSetUP" finished-at="2023-11-15T15:19:57 EST" duration-ms="14025" status="PASS">
          <params>
            <param index="0">
              <value>
                <![CDATA[IE]]>
              </value>
            </param>
            <param index="1">
              <value>
                <![CDATA[11.0]]>
              </value>
            </param>
            <param index="2">
              <value>
                <![CDATA[Windows 10]]>
              </value>
            </param>
          </params>
          <reporter-output>
          </reporter-output>
        </test-method> <!-- BrowserSetUP -->
        <test-method signature="MainPageTestCase()[pri:0, instance:TestCasePackage.SeleniumTestNgTestCase@3c947bc5]" started-at="2023-11-15T15:19:57 EST" name="MainPageTestCase" finished-at="2023-11-15T15:20:03 EST" duration-ms="5907" status="FAIL">
          <exception class="java.lang.AssertionError">
            <message>
              <![CDATA[The following asserts failed:
Assertion Fails expected [true] but found [false]]]>
            </message>
            <full-stacktrace>
              <![CDATA[java.lang.AssertionError: The following asserts failed:
Assertion Fails expected [true] but found [false]
at org.testng.asserts.SoftAssert.assertAll(SoftAssert.java:47)
at org.testng.asserts.SoftAssert.assertAll(SoftAssert.java:31)
at ModulePackage.MainPage.ValidatePageTitle(MainPage.java:32)
at TestCasePackage.SeleniumTestNgTestCase.MainPageTestCase(SeleniumTestNgTestCase.java:22)
at java.base/jdk.internal.reflect.NativeMethodAccessorImpl.invoke0(Native Method)
at java.base/jdk.internal.reflect.NativeMethodAccessorImpl.invoke(NativeMethodAccessorImpl.java:77)
at java.base/jdk.internal.reflect.DelegatingMethodAccessorImpl.invoke(DelegatingMethodAccessorImpl.java:43)
at java.base/java.lang.reflect.Method.invoke(Method.java:568)
at org.testng.internal.MethodInvocationHelper.invokeMethod(MethodInvocationHelper.java:133)
at org.testng.internal.TestInvoker.invokeMethod(TestInvoker.java:598)
at org.testng.internal.TestInvoker.invokeTestMethod(TestInvoker.java:173)
at org.testng.internal.MethodRunner.runInSequence(MethodRunner.java:46)
at org.testng.internal.TestInvoker$MethodInvocationAgent.invoke(TestInvoker.java:824)
at org.testng.internal.TestInvoker.invokeTestMethods(TestInvoker.java:146)
at org.testng.internal.TestMethodWorker.invokeTestMethods(TestMethodWorker.java:146)
at org.testng.internal.TestMethodWorker.run(TestMethodWorker.java:128)
at java.base/java.util.concurrent.ThreadPoolExecutor.runWorker(ThreadPoolExecutor.java:1136)
at java.base/java.util.concurrent.ThreadPoolExecutor$Worker.run(ThreadPoolExecutor.java:635)
at java.base/java.lang.Thread.run(Thread.java:833)
]]>
            </full-stacktrace>
          </exception> <!-- java.lang.AssertionError -->
          <reporter-output>
          </reporter-output>
        </test-method> <!-- MainPageTestCase -->
        <test-method is-config="true" signature="BrowserCloseing()[pri:0, instance:TestCasePackage.SeleniumTestNgTestCase@3c947bc5]" started-at="2023-11-15T15:20:03 EST" name="BrowserCloseing" finished-at="2023-11-15T15:20:03 EST" duration-ms="78" status="PASS">
          <reporter-output>
          </reporter-output>
        </test-method> <!-- BrowserCloseing -->
        <test-method is-config="true" signature="BrowserSetUP(java.lang.String,java.lang.String,java.lang.String)[pri:0, instance:TestCasePackage.SeleniumTestNgTestCase@3c947bc5]" started-at="2023-11-15T15:20:03 EST" name="BrowserSetUP" finished-at="2023-11-15T15:20:19 EST" duration-ms="15624" status="PASS">
          <params>
            <param index="0">
              <value>
                <![CDATA[IE]]>
              </value>
            </param>
            <param index="1">
              <value>
                <![CDATA[11.0]]>
              </value>
            </param>
            <param index="2">
              <value>
                <![CDATA[Windows 10]]>
              </value>
            </param>
          </params>
          <reporter-output>
          </reporter-output>
        </test-method> <!-- BrowserSetUP -->
        <test-method signature="CheckBoxPageTestCase()[pri:1, instance:TestCasePackage.SeleniumTestNgTestCase@3c947bc5]" started-at="2023-11-15T15:20:19 EST" name="CheckBoxPageTestCase" finished-at="2023-11-15T15:20:26 EST" duration-ms="6880" status="PASS">
          <reporter-output>
          </reporter-output>
        </test-method> <!-- CheckBoxPageTestCase -->
        <test-method is-config="true" signature="BrowserCloseing()[pri:0, instance:TestCasePackage.SeleniumTestNgTestCase@3c947bc5]" started-at="2023-11-15T15:20:26 EST" name="BrowserCloseing" finished-at="2023-11-15T15:20:26 EST" duration-ms="91" status="PASS">
          <reporter-output>
          </reporter-output>
        </test-method> <!-- BrowserCloseing -->
        <test-method is-config="true" signature="BrowserSetUP(java.lang.String,java.lang.String,java.lang.String)[pri:0, instance:TestCasePackage.SeleniumTestNgTestCase@3c947bc5]" started-at="2023-11-15T15:20:26 EST" name="BrowserSetUP" finished-at="2023-11-15T15:20:37 EST" duration-ms="11079" status="PASS">
          <params>
            <param index="0">
              <value>
                <![CDATA[IE]]>
              </value>
            </param>
            <param index="1">
              <value>
                <![CDATA[11.0]]>
              </value>
            </param>
            <param index="2">
              <value>
                <![CDATA[Windows 10]]>
              </value>
            </param>
          </params>
          <reporter-output>
          </reporter-output>
        </test-method> <!-- BrowserSetUP -->
        <test-method signature="JavaScriptAlertTestCase()[pri:2, instance:TestCasePackage.SeleniumTestNgTestCase@3c947bc5]" started-at="2023-11-15T15:20:37 EST" name="JavaScriptAlertTestCase" finished-at="2023-11-15T15:20:50 EST" duration-ms="13740" status="PASS">
          <reporter-output>
          </reporter-output>
        </test-method> <!-- JavaScriptAlertTestCase -->
        <test-method is-config="true" signature="BrowserCloseing()[pri:0, instance:TestCasePackage.SeleniumTestNgTestCase@3c947bc5]" started-at="2023-11-15T15:20:50 EST" name="BrowserCloseing" finished-at="2023-11-15T15:20:51 EST" duration-ms="115" status="PASS">
          <reporter-output>
          </reporter-output>
        </test-method> <!-- BrowserCloseing -->
      </class> <!-- TestCasePackage.SeleniumTestNgTestCase -->
    </test> <!-- IE Test -->
  </suite> <!-- parallel Test Suite -->
</testng-results>
